0 info it worked if it ends with ok
1 verbose cli [ 'node',
1 verbose cli   '/usr/local/bin/npm',
1 verbose cli   'install',
1 verbose cli   'grunt-contrib-autoprefixer',
1 verbose cli   '--save-dev' ]
2 info using npm@1.4.28
3 info using node@v0.10.35
4 warn package.json lj@0.1.0 No description
5 warn package.json lj@0.1.0 No repository field.
6 warn package.json lj@0.1.0 No README data
7 verbose readDependencies using package.json deps
8 verbose cache add [ 'grunt-contrib-autoprefixer', null ]
9 verbose cache add name=undefined spec="grunt-contrib-autoprefixer" args=["grunt-contrib-autoprefixer",null]
10 verbose parsed url { protocol: null,
10 verbose parsed url   slashes: null,
10 verbose parsed url   auth: null,
10 verbose parsed url   host: null,
10 verbose parsed url   port: null,
10 verbose parsed url   hostname: null,
10 verbose parsed url   hash: null,
10 verbose parsed url   search: null,
10 verbose parsed url   query: null,
10 verbose parsed url   pathname: 'grunt-contrib-autoprefixer',
10 verbose parsed url   path: 'grunt-contrib-autoprefixer',
10 verbose parsed url   href: 'grunt-contrib-autoprefixer' }
11 silly lockFile 1f96d3dd-grunt-contrib-autoprefixer grunt-contrib-autoprefixer
12 verbose lock grunt-contrib-autoprefixer /Users/lukasjuhas/.npm/1f96d3dd-grunt-contrib-autoprefixer.lock
13 silly lockFile 1f96d3dd-grunt-contrib-autoprefixer grunt-contrib-autoprefixer
14 silly lockFile 1f96d3dd-grunt-contrib-autoprefixer grunt-contrib-autoprefixer
15 verbose addNamed [ 'grunt-contrib-autoprefixer', '' ]
16 verbose addNamed [ null, '*' ]
17 silly lockFile d15fa78b-grunt-contrib-autoprefixer grunt-contrib-autoprefixer@
18 verbose lock grunt-contrib-autoprefixer@ /Users/lukasjuhas/.npm/d15fa78b-grunt-contrib-autoprefixer.lock
19 silly addNameRange { name: 'grunt-contrib-autoprefixer',
19 silly addNameRange   range: '*',
19 silly addNameRange   hasData: false }
20 verbose request where is /grunt-contrib-autoprefixer
21 verbose request registry https://registry.npmjs.org/
22 verbose request id 38b5070d25e2edd0
23 verbose url raw /grunt-contrib-autoprefixer
24 verbose url resolving [ 'https://registry.npmjs.org/',
24 verbose url resolving   './grunt-contrib-autoprefixer' ]
25 verbose url resolved https://registry.npmjs.org/grunt-contrib-autoprefixer
26 verbose request where is https://registry.npmjs.org/grunt-contrib-autoprefixer
27 info trying registry request attempt 1 at 16:10:14
28 http GET https://registry.npmjs.org/grunt-contrib-autoprefixer
29 http 404 https://registry.npmjs.org/grunt-contrib-autoprefixer
30 verbose headers { date: 'Sat, 11 Apr 2015 15:10:14 GMT',
30 verbose headers   server: 'CouchDB/1.5.0 (Erlang OTP/R16B03)',
30 verbose headers   'content-type': 'application/json',
30 verbose headers   'cache-control': 'max-age=0',
30 verbose headers   'content-length': '51',
30 verbose headers   'accept-ranges': 'bytes',
30 verbose headers   via: '1.1 varnish',
30 verbose headers   age: '0',
30 verbose headers   'x-served-by': 'cache-lcy1122-LCY',
30 verbose headers   'x-cache': 'MISS',
30 verbose headers   'x-cache-hits': '0',
30 verbose headers   'x-timer': 'S1428765014.559413,VS0,VE349',
30 verbose headers   'keep-alive': 'timeout=10, max=50',
30 verbose headers   connection: 'Keep-Alive' }
31 silly registry.get cb [ 404,
31 silly registry.get   { date: 'Sat, 11 Apr 2015 15:10:14 GMT',
31 silly registry.get     server: 'CouchDB/1.5.0 (Erlang OTP/R16B03)',
31 silly registry.get     'content-type': 'application/json',
31 silly registry.get     'cache-control': 'max-age=0',
31 silly registry.get     'content-length': '51',
31 silly registry.get     'accept-ranges': 'bytes',
31 silly registry.get     via: '1.1 varnish',
31 silly registry.get     age: '0',
31 silly registry.get     'x-served-by': 'cache-lcy1122-LCY',
31 silly registry.get     'x-cache': 'MISS',
31 silly registry.get     'x-cache-hits': '0',
31 silly registry.get     'x-timer': 'S1428765014.559413,VS0,VE349',
31 silly registry.get     'keep-alive': 'timeout=10, max=50',
31 silly registry.get     connection: 'Keep-Alive' } ]
32 silly lockFile d15fa78b-grunt-contrib-autoprefixer grunt-contrib-autoprefixer@
33 silly lockFile d15fa78b-grunt-contrib-autoprefixer grunt-contrib-autoprefixer@
34 error 404 404 Not Found: grunt-contrib-autoprefixer
34 error 404
34 error 404 'grunt-contrib-autoprefixer' is not in the npm registry.
34 error 404 You should bug the author to publish it
34 error 404 It was specified as a dependency of 'lj'
34 error 404
34 error 404 Note that you can also install from a
34 error 404 tarball, folder, or http url, or git url.
35 error System Darwin 14.3.0
36 error command "node" "/usr/local/bin/npm" "install" "grunt-contrib-autoprefixer" "--save-dev"
37 error cwd /Users/lukasjuhas/Workspace/o2studios/cutup/_development
38 error node -v v0.10.35
39 error npm -v 1.4.28
40 error code E404
41 verbose exit [ 1, true ]
